<?xml version="1.0" encoding="UTF-8"?>
<!-- Generated by org.testng.reporters.JUnitXMLReporter -->
<testsuite ignored="3" hostname="DESKTOP-HI5SB2Q" failures="0" tests="1" name="Default test" time="4.624" errors="0" timestamp="2025-03-29T13:42:22 IST">
  <testcase classname="tutorialsninja.TutorialNinja" name="checkout" time="1.025"/>
  <testcase classname="tutorialsninja.TutorialNinja" name="login" time="0.0">
    <ignored/>
  </testcase> <!-- login -->
  <testcase classname="tutorialsninja.TutorialNinja" name="Search" time="0.0">
    <ignored/>
  </testcase> <!-- Search -->
  <testcase classname="tutorialsninja.TutorialNinja" name="addTocart" time="0.0">
    <ignored/>
  </testcase> <!-- addTocart -->
</testsuite> <!-- Default test -->
