<?xml version="1.0" encoding="UTF-8"?>
<testng-results ignored="3" total="4" passed="1" failed="0" skipped="0">
  <reporter-output>
  </reporter-output>
  <suite started-at="2025-03-29T13:42:18 IST" name="Default suite" finished-at="2025-03-29T13:42:22 IST" duration-ms="4624">
    <groups>
    </groups>
    <test started-at="2025-03-29T13:42:18 IST" name="Default test" finished-at="2025-03-29T13:42:22 IST" duration-ms="4624">
      <class name="tutorialsninja.TutorialNinja">
        <test-method is-config="true" signature="setup()[pri:0, instance:tutorialsninja.TutorialNinja@305ffe9e]" started-at="2025-03-29T13:42:18 IST" name="setup" finished-at="2025-03-29T13:42:21 IST" duration-ms="3406" status="PASS">
          <reporter-output>
          </reporter-output>
        </test-method> <!-- setup -->
        <test-method signature="checkout()[pri:4, instance:tutorialsninja.TutorialNinja@305ffe9e]" started-at="2025-03-29T13:42:21 IST" name="checkout" finished-at="2025-03-29T13:42:22 IST" duration-ms="1025" status="PASS">
          <reporter-output>
          </reporter-output>
        </test-method> <!-- checkout -->
        <test-method is-config="true" signature="Teardown()[pri:0, instance:tutorialsninja.TutorialNinja@305ffe9e]" started-at="2025-03-29T13:42:22 IST" name="Teardown" finished-at="2025-03-29T13:42:22 IST" duration-ms="117" status="PASS">
          <reporter-output>
          </reporter-output>
        </test-method> <!-- Teardown -->
      </class> <!-- tutorialsninja.TutorialNinja -->
    </test> <!-- Default test -->
  </suite> <!-- Default suite -->
</testng-results>
